[10:17:55.542 - INFO] initialize-db
[10:17:55.979 - SEVERE] Exception opening connection
java.sql.SQLException: Access denied for user '[root]'@'localhost' (using password: YES)
	at com.mysql.jdbc.SQLError.createSQLException(SQLError.java:1055)
	at com.mysql.jdbc.SQLError.createSQLException(SQLError.java:956)
	at com.mysql.jdbc.MysqlIO.checkErrorPacket(MysqlIO.java:3515)
	at com.mysql.jdbc.MysqlIO.checkErrorPacket(MysqlIO.java:3447)
	at com.mysql.jdbc.MysqlIO.checkErrorPacket(MysqlIO.java:911)
	at com.mysql.jdbc.MysqlIO.secureAuth411(MysqlIO.java:3953)
	at com.mysql.jdbc.MysqlIO.doHandshake(MysqlIO.java:1276)
	at com.mysql.jdbc.ConnectionImpl.createNewIO(ConnectionImpl.java:2048)
	at com.mysql.jdbc.ConnectionImpl.<init>(ConnectionImpl.java:723)
	at com.mysql.jdbc.JDBC4Connection.<init>(JDBC4Connection.java:46)
	at sun.reflect.NativeConstructorAccessorImpl.newInstance0(Native Method)
	at sun.reflect.NativeConstructorAccessorImpl.newInstance(NativeConstructorAccessorImpl.java:57)
	at sun.reflect.DelegatingConstructorAccessorImpl.newInstance(DelegatingConstructorAccessorImpl.java:45)
	at java.lang.reflect.Constructor.newInstance(Constructor.java:525)
	at com.mysql.jdbc.Util.handleNewInstance(Util.java:406)
	at com.mysql.jdbc.ConnectionImpl.getInstance(ConnectionImpl.java:302)
	at com.mysql.jdbc.NonRegisteringDriver.connect(NonRegisteringDriver.java:282)
	at java.sql.DriverManager.getConnection(DriverManager.java:579)
	at java.sql.DriverManager.getConnection(DriverManager.java:221)
	at edu.uci.ics.sourcerer.utils.db.internal.DatabaseConnectionImpl.open(DatabaseConnectionImpl.java:42)
	at edu.uci.ics.sourcerer.utils.db.DatabaseRunnable.run(DatabaseRunnable.java:32)
	at edu.uci.ics.sourcerer.tools.java.db.importer.DatabaseInitializer.initializeDatabase(DatabaseInitializer.java:102)
	at edu.uci.ics.sourcerer.tools.java.db.Main$1.action(Main.java:39)
	at edu.uci.ics.sourcerer.util.io.arguments.Command.execute(Command.java:80)
	at edu.uci.ics.sourcerer.util.io.arguments.ArgumentManager.executeCommand(ArgumentManager.java:163)
	at edu.uci.ics.sourcerer.util.io.arguments.Command.execute(Command.java:88)
	at edu.uci.ics.sourcerer.tools.java.db.Main.main(Main.java:217)

