[10:34:30.324] add-libraries
[10:34:30.328] Importing Java libraries...
[10:34:30.349]   Loading extracted Java repository from: /media/200GB AUX/Sourcerer/Repo-sf100/output...
[10:34:30.353]    Finished loading extracted java repository from: /media/200gb aux/sourcerer/repo-sf100/output in 0.0 seconds.
[10:34:30.631]   Reading lines...
[10:34:30.797]    11 lines read in 0.1 seconds.
[10:34:30.811]   Performing entity import with 1 threads...
[10:34:31.202]     Thread Thread-1 now processing: zipfs.jar
[10:34:32.298]     Thread Thread-1 now processing: charsets.jar
[10:34:34.492]     Thread Thread-1 now processing: localedata.jar
[10:34:34.962]     Thread Thread-1 now processing: rt.jar
[10:35:48.996]     Thread Thread-1 now processing: jsse.jar
[10:35:49.950]     Thread Thread-1 now processing: jce.jar
[10:35:50.428]     Thread Thread-1 now processing: sunjce_provider.jar
[10:35:51.250]     Thread Thread-1 now processing: dnsns.jar
[10:35:51.628]     Thread Thread-1 now processing: resources.jar
[10:35:51.928]     Thread Thread-1 now processing: sunec.jar
[10:35:52.273]     Thread Thread-1 now processing: sunmscapi.jar
[10:35:52.920]    Finished performing entity import with 1 threads in 1 minute 22.21 seconds.
[10:35:52.956]   Building unknown entities cache...
[10:35:52.956]     Loading unknown entities...
[10:35:52.959]      0 unknown entities loaded in 0.0 seconds.
[10:35:52.959]    Finished building unknown entities cache in 0.0 seconds.
[10:35:53.004]   Building Java library type model...
[10:35:53.004]     Loading Java library entities...
[10:35:54.259]      214285 entities loaded in 1.12 seconds.
[10:35:54.260]     Loading has_base_type relations...
[10:35:54.262]      0 relations loaded in 0.0 seconds.
[10:35:54.262]     Loading extends/implements relations...
[10:35:54.264]      0 relations loaded in 0.0 seconds.
[10:35:54.264]    Finished building java library type model in 1.12 seconds.
[10:35:54.265]   Performing structural relation import with 1 threads...
[10:35:54.321]     Thread Thread-3 now processing: zipfs.jar
[10:36:06.980]     Thread Thread-3 now processing: charsets.jar
[10:36:15.490]     Thread Thread-3 now processing: localedata.jar
[10:36:16.268]     Thread Thread-3 now processing: rt.jar
[11:05:09.640]     Thread Thread-3 now processing: jsse.jar
[11:05:36.290]     Thread Thread-3 now processing: jce.jar
[11:05:40.890]     Thread Thread-3 now processing: sunjce_provider.jar
[11:05:46.652]     Thread Thread-3 now processing: dnsns.jar
[11:05:50.639]     Thread Thread-3 now processing: resources.jar
[11:05:50.931]     Thread Thread-3 now processing: sunec.jar
[11:05:53.216]     Thread Thread-3 now processing: sunmscapi.jar
[11:05:56.421]    Finished performing structural relation import with 1 threads in 30 minutes 2.21 seconds.
[11:05:56.455]   Building Java library type model...
[11:05:56.456]     Loading Java library entities...
[11:05:57.452]      214285 entities loaded in 0.9 seconds.
[11:05:57.452]     Loading has_base_type relations...
[11:05:57.461]      2299 relations loaded in 0.0 seconds.
[11:05:57.461]     Loading extends/implements relations...
[11:05:57.636]      18985 relations loaded in 0.1 seconds.
[11:05:57.637]    Finished building java library type model in 1.11 seconds.
[11:05:57.637]   Performing referential relation import with 1 threads...
[11:05:57.646]     Thread Thread-4 now processing: zipfs.jar
[11:06:02.372]     Thread Thread-4 now processing: charsets.jar
[11:06:12.240]     Thread Thread-4 now processing: localedata.jar
[11:06:13.341]     Thread Thread-4 now processing: rt.jar
[11:24:52.517]     Thread Thread-4 now processing: jsse.jar
[11:25:06.688]     Thread Thread-4 now processing: jce.jar
[11:25:09.286]     Thread Thread-4 now processing: sunjce_provider.jar
[11:25:11.192]     Thread Thread-4 now processing: dnsns.jar
[11:25:12.373]     Thread Thread-4 now processing: resources.jar
[11:25:12.562]     Thread Thread-4 now processing: sunec.jar
[11:25:12.962]     Thread Thread-4 now processing: sunmscapi.jar
[11:25:14.292]    Finished performing referential relation import with 1 threads in 19 minutes 16.66 seconds.
[11:25:14.292]  Finished importing java libraries in 50 minutes 43.39 seconds.
