[10:34:31.088] Importing Java Library Entities...
[10:34:31.202]   Importing zipfs.jar's entities...
[10:34:31.202]     Verifying import suitability...
[10:34:31.292]      Finished verifying import suitability in 0.0 seconds.
[10:34:31.293]     Inserting project...
[10:34:31.365]      Finished inserting project in 0.0 seconds.
[10:34:31.394]     Inserting files...
[10:34:31.394]       Processing files...
[10:34:31.481]        12 files processed in 0.0 seconds.
[10:34:31.481]       Performing db insert...
[10:34:31.601]        Finished performing db insert in 0.1 seconds.
[10:34:31.601]      Finished inserting files in 0.2 seconds.
[10:34:31.602]     Populating file map...
[10:34:31.620]      12 files loaded in 0.0 seconds.
[10:34:31.620]     Inserting file metrics...
[10:34:31.620]       Processing files...
[10:34:31.644]        12 files processed in 0.0 seconds.
[10:34:31.644]       Performing db insert...
[10:34:31.645]        Finished performing db insert in 0.0 seconds.
[10:34:31.646]      Finished inserting file metrics in 0.0 seconds.
[10:34:31.646]     Inserting problems...
[10:34:31.646]       Processing problems...
[10:34:31.647]        0 problems processed in 0.0 seconds.
[10:34:31.647]       Performing db insert...
[10:34:31.648]        Finished performing db insert in 0.0 seconds.
[10:34:31.649]      Finished inserting problems in 0.0 seconds.
[10:34:31.649]     Inserting entities...
[10:34:31.649]       Processing entities...
[10:34:32.126]        430 entities processed in 0.4 seconds.
[10:34:32.126]       Performing db insert...
[10:34:32.219]        Finished performing db insert in 0.0 seconds.
[10:34:32.219]      Finished inserting entities in 0.5 seconds.
[10:34:32.297]    Finished importing zipfs.jar's entities in 1.10 seconds.
[10:34:32.298]   Importing charsets.jar's entities...
[10:34:32.298]     Verifying import suitability...
[10:34:32.298]      Finished verifying import suitability in 0.0 seconds.
[10:34:32.298]     Inserting project...
[10:34:32.375]      Finished inserting project in 0.0 seconds.
[10:34:32.375]     Inserting files...
[10:34:32.375]       Processing files...
[10:34:32.470]        425 files processed in 0.0 seconds.
[10:34:32.470]       Performing db insert...
[10:34:32.552]        Finished performing db insert in 0.0 seconds.
[10:34:32.552]      Finished inserting files in 0.1 seconds.
[10:34:32.552]     Populating file map...
[10:34:32.566]      425 files loaded in 0.0 seconds.
[10:34:32.566]     Inserting file metrics...
[10:34:32.566]       Processing files...
[10:34:32.627]        425 files processed in 0.0 seconds.
[10:34:32.628]       Performing db insert...
[10:34:32.633]        Finished performing db insert in 0.0 seconds.
[10:34:32.633]      Finished inserting file metrics in 0.0 seconds.
[10:34:32.633]     Inserting problems...
[10:34:32.633]       Processing problems...
[10:34:32.634]        0 problems processed in 0.0 seconds.
[10:34:32.634]       Performing db insert...
[10:34:32.635]        Finished performing db insert in 0.0 seconds.
[10:34:32.635]      Finished inserting problems in 0.0 seconds.
[10:34:32.635]     Inserting entities...
[10:34:32.635]       Processing entities...
[10:34:33.804]        3619 entities processed in 1.11 seconds.
[10:34:33.804]       Performing db insert...
[10:34:34.317]        Finished performing db insert in 0.5 seconds.
[10:34:34.317]      Finished inserting entities in 1.16 seconds.
[10:34:34.492]    Finished importing charsets.jar's entities in 2.21 seconds.
[10:34:34.492]   Importing localedata.jar's entities...
[10:34:34.493]     Verifying import suitability...
[10:34:34.493]      Finished verifying import suitability in 0.0 seconds.
[10:34:34.493]     Inserting project...
[10:34:34.605]      Finished inserting project in 0.1 seconds.
[10:34:34.605]     Inserting files...
[10:34:34.605]       Processing files...
[10:34:34.643]        101 files processed in 0.0 seconds.
[10:34:34.643]       Performing db insert...
[10:34:34.739]        Finished performing db insert in 0.0 seconds.
[10:34:34.739]      Finished inserting files in 0.1 seconds.
[10:34:34.739]     Populating file map...
[10:34:34.743]      101 files loaded in 0.0 seconds.
[10:34:34.744]     Inserting file metrics...
[10:34:34.744]       Processing files...
[10:34:34.749]        101 files processed in 0.0 seconds.
[10:34:34.749]       Performing db insert...
[10:34:34.750]        Finished performing db insert in 0.0 seconds.
[10:34:34.750]      Finished inserting file metrics in 0.0 seconds.
[10:34:34.750]     Inserting problems...
[10:34:34.750]       Processing problems...
[10:34:34.751]        0 problems processed in 0.0 seconds.
[10:34:34.751]       Performing db insert...
[10:34:34.752]        Finished performing db insert in 0.0 seconds.
[10:34:34.752]      Finished inserting problems in 0.0 seconds.
[10:34:34.752]     Inserting entities...
[10:34:34.752]       Processing entities...
[10:34:34.807]        289 entities processed in 0.0 seconds.
[10:34:34.807]       Performing db insert...
[10:34:34.895]        Finished performing db insert in 0.0 seconds.
[10:34:34.895]      Finished inserting entities in 0.1 seconds.
[10:34:34.961]    Finished importing localedata.jar's entities in 0.4 seconds.
[10:34:34.962]   Importing rt.jar's entities...
[10:34:34.962]     Verifying import suitability...
[10:34:34.963]      Finished verifying import suitability in 0.0 seconds.
[10:34:34.963]     Inserting project...
[10:34:35.028]      Finished inserting project in 0.0 seconds.
[10:34:35.028]     Inserting files...
[10:34:35.028]       Processing files...
[10:34:35.759]        12523 files processed in 0.7 seconds.
[10:34:35.760]       Performing db insert...
[10:34:36.384]        Finished performing db insert in 0.6 seconds.
[10:34:36.384]      Finished inserting files in 1.13 seconds.
[10:34:36.384]     Populating file map...
[10:34:36.571]      12523 files loaded in 0.1 seconds.
[10:34:36.571]     Inserting file metrics...
[10:34:36.571]       Processing files...
[10:34:37.014]        12523 files processed in 0.4 seconds.
[10:34:37.014]       Performing db insert...
[10:34:37.015]        Finished performing db insert in 0.0 seconds.
[10:34:37.015]      Finished inserting file metrics in 0.4 seconds.
[10:34:37.016]     Inserting problems...
[10:34:37.016]       Processing problems...
[10:34:37.017]        0 problems processed in 0.0 seconds.
[10:34:37.017]       Performing db insert...
[10:34:37.018]        Finished performing db insert in 0.0 seconds.
[10:34:37.018]      Finished inserting problems in 0.0 seconds.
[10:34:37.018]     Inserting entities...
[10:34:37.018]       Processing entities...
[10:35:03.037]        209581 entities processed in 26.60 seconds.
[10:35:03.037]       Performing db insert...
[10:35:48.922]        Finished performing db insert in 45.58 seconds.
[10:35:48.922]      Finished inserting entities in 1 minute 11.19 seconds.
[10:35:48.996]    Finished importing rt.jar's entities in 1 minute 14.40 seconds.
[10:35:48.996]   Importing jsse.jar's entities...
[10:35:48.996]     Verifying import suitability...
[10:35:48.999]      Finished verifying import suitability in 0.0 seconds.
[10:35:48.999]     Inserting project...
[10:35:49.073]      Finished inserting project in 0.0 seconds.
[10:35:49.073]     Inserting files...
[10:35:49.073]       Processing files...
[10:35:49.120]        77 files processed in 0.0 seconds.
[10:35:49.120]       Performing db insert...
[10:35:49.229]        Finished performing db insert in 0.1 seconds.
[10:35:49.229]      Finished inserting files in 0.1 seconds.
[10:35:49.229]     Populating file map...
[10:35:49.231]      77 files loaded in 0.0 seconds.
[10:35:49.231]     Inserting file metrics...
[10:35:49.231]       Processing files...
[10:35:49.236]        77 files processed in 0.0 seconds.
[10:35:49.236]       Performing db insert...
[10:35:49.238]        Finished performing db insert in 0.0 seconds.
[10:35:49.238]      Finished inserting file metrics in 0.0 seconds.
[10:35:49.238]     Inserting problems...
[10:35:49.238]       Processing problems...
[10:35:49.240]        0 problems processed in 0.0 seconds.
[10:35:49.240]       Performing db insert...
[10:35:49.243]        Finished performing db insert in 0.0 seconds.
[10:35:49.243]      Finished inserting problems in 0.0 seconds.
[10:35:49.243]     Inserting entities...
[10:35:49.243]       Processing entities...
[10:35:49.490]        1653 entities processed in 0.2 seconds.
[10:35:49.490]       Performing db insert...
[10:35:49.883]        Finished performing db insert in 0.3 seconds.
[10:35:49.883]      Finished inserting entities in 0.6 seconds.
[10:35:49.950]    Finished importing jsse.jar's entities in 0.9 seconds.
[10:35:49.950]   Importing jce.jar's entities...
[10:35:49.951]     Verifying import suitability...
[10:35:49.951]      Finished verifying import suitability in 0.0 seconds.
[10:35:49.951]     Inserting project...
[10:35:50.028]      Finished inserting project in 0.0 seconds.
[10:35:50.028]     Inserting files...
[10:35:50.028]       Processing files...
[10:35:50.055]        61 files processed in 0.0 seconds.
[10:35:50.055]       Performing db insert...
[10:35:50.150]        Finished performing db insert in 0.0 seconds.
[10:35:50.150]      Finished inserting files in 0.1 seconds.
[10:35:50.150]     Populating file map...
[10:35:50.152]      61 files loaded in 0.0 seconds.
[10:35:50.152]     Inserting file metrics...
[10:35:50.152]       Processing files...
[10:35:50.156]        61 files processed in 0.0 seconds.
[10:35:50.156]       Performing db insert...
[10:35:50.157]        Finished performing db insert in 0.0 seconds.
[10:35:50.157]      Finished inserting file metrics in 0.0 seconds.
[10:35:50.157]     Inserting problems...
[10:35:50.158]       Processing problems...
[10:35:50.159]        0 problems processed in 0.0 seconds.
[10:35:50.159]       Performing db insert...
[10:35:50.160]        Finished performing db insert in 0.0 seconds.
[10:35:50.160]      Finished inserting problems in 0.0 seconds.
[10:35:50.160]     Inserting entities...
[10:35:50.160]       Processing entities...
[10:35:50.271]        786 entities processed in 0.1 seconds.
[10:35:50.271]       Performing db insert...
[10:35:50.361]        Finished performing db insert in 0.0 seconds.
[10:35:50.361]      Finished inserting entities in 0.2 seconds.
[10:35:50.428]    Finished importing jce.jar's entities in 0.4 seconds.
[10:35:50.428]   Importing sunjce_provider.jar's entities...
[10:35:50.428]     Verifying import suitability...
[10:35:50.429]      Finished verifying import suitability in 0.0 seconds.
[10:35:50.429]     Inserting project...
[10:35:50.562]      Finished inserting project in 0.1 seconds.
[10:35:50.562]     Inserting files...
[10:35:50.562]       Processing files...
[10:35:50.601]        83 files processed in 0.0 seconds.
[10:35:50.601]       Performing db insert...
[10:35:50.794]        Finished performing db insert in 0.1 seconds.
[10:35:50.795]      Finished inserting files in 0.2 seconds.
[10:35:50.795]     Populating file map...
[10:35:50.796]      83 files loaded in 0.0 seconds.
[10:35:50.796]     Inserting file metrics...
[10:35:50.796]       Processing files...
[10:35:50.799]        83 files processed in 0.0 seconds.
[10:35:50.800]       Performing db insert...
[10:35:50.800]        Finished performing db insert in 0.0 seconds.
[10:35:50.800]      Finished inserting file metrics in 0.0 seconds.
[10:35:50.800]     Inserting problems...
[10:35:50.801]       Processing problems...
[10:35:50.801]        0 problems processed in 0.0 seconds.
[10:35:50.801]       Performing db insert...
[10:35:50.802]        Finished performing db insert in 0.0 seconds.
[10:35:50.802]      Finished inserting problems in 0.0 seconds.
[10:35:50.802]     Inserting entities...
[10:35:50.802]       Processing entities...
[10:35:50.996]        1156 entities processed in 0.1 seconds.
[10:35:50.996]       Performing db insert...
[10:35:51.190]        Finished performing db insert in 0.1 seconds.
[10:35:51.190]      Finished inserting entities in 0.3 seconds.
[10:35:51.250]    Finished importing sunjce_provider.jar's entities in 0.8 seconds.
[10:35:51.250]   Importing dnsns.jar's entities...
[10:35:51.250]     Verifying import suitability...
[10:35:51.251]      Finished verifying import suitability in 0.0 seconds.
[10:35:51.251]     Inserting project...
[10:35:51.328]      Finished inserting project in 0.0 seconds.
[10:35:51.328]     Inserting files...
[10:35:51.328]       Processing files...
[10:35:51.329]        2 files processed in 0.0 seconds.
[10:35:51.330]       Performing db insert...
[10:35:51.406]        Finished performing db insert in 0.0 seconds.
[10:35:51.406]      Finished inserting files in 0.0 seconds.
[10:35:51.406]     Populating file map...
[10:35:51.407]      2 files loaded in 0.0 seconds.
[10:35:51.407]     Inserting file metrics...
[10:35:51.407]       Processing files...
[10:35:51.409]        2 files processed in 0.0 seconds.
[10:35:51.409]       Performing db insert...
[10:35:51.410]        Finished performing db insert in 0.0 seconds.
[10:35:51.410]      Finished inserting file metrics in 0.0 seconds.
[10:35:51.410]     Inserting problems...
[10:35:51.410]       Processing problems...
[10:35:51.412]        0 problems processed in 0.0 seconds.
[10:35:51.412]       Performing db insert...
[10:35:51.413]        Finished performing db insert in 0.0 seconds.
[10:35:51.413]      Finished inserting problems in 0.0 seconds.
[10:35:51.413]     Inserting entities...
[10:35:51.413]       Processing entities...
[10:35:51.416]        19 entities processed in 0.0 seconds.
[10:35:51.416]       Performing db insert...
[10:35:51.495]        Finished performing db insert in 0.0 seconds.
[10:35:51.495]      Finished inserting entities in 0.0 seconds.
[10:35:51.628]    Finished importing dnsns.jar's entities in 0.3 seconds.
[10:35:51.629]   Importing resources.jar's entities...
[10:35:51.629]     Verifying import suitability...
[10:35:51.630]      Finished verifying import suitability in 0.0 seconds.
[10:35:51.630]     Inserting project...
[10:35:51.850]      Finished inserting project in 0.2 seconds.
[10:35:51.850]     Inserting files...
[10:35:51.850]       Processing files...
[10:35:51.851]        0 files processed in 0.0 seconds.
[10:35:51.851]       Performing db insert...
[10:35:51.852]        Finished performing db insert in 0.0 seconds.
[10:35:51.852]      Finished inserting files in 0.0 seconds.
[10:35:51.852]     Populating file map...
[10:35:51.853]      0 files loaded in 0.0 seconds.
[10:35:51.853]     Inserting file metrics...
[10:35:51.853]       Processing files...
[10:35:51.853]        0 files processed in 0.0 seconds.
[10:35:51.853]       Performing db insert...
[10:35:51.854]        Finished performing db insert in 0.0 seconds.
[10:35:51.854]      Finished inserting file metrics in 0.0 seconds.
[10:35:51.854]     Inserting problems...
[10:35:51.854]       Processing problems...
[10:35:51.855]        0 problems processed in 0.0 seconds.
[10:35:51.855]       Performing db insert...
[10:35:51.855]        Finished performing db insert in 0.0 seconds.
[10:35:51.855]      Finished inserting problems in 0.0 seconds.
[10:35:51.856]     Inserting entities...
[10:35:51.856]       Processing entities...
[10:35:51.856]        0 entities processed in 0.0 seconds.
[10:35:51.856]       Performing db insert...
[10:35:51.857]        Finished performing db insert in 0.0 seconds.
[10:35:51.857]      Finished inserting entities in 0.0 seconds.
[10:35:51.928]    Finished importing resources.jar's entities in 0.2 seconds.
[10:35:51.929]   Importing sunec.jar's entities...
[10:35:51.929]     Verifying import suitability...
[10:35:51.930]      Finished verifying import suitability in 0.0 seconds.
[10:35:51.930]     Inserting project...
[10:35:52.017]      Finished inserting project in 0.0 seconds.
[10:35:52.017]     Inserting files...
[10:35:52.017]       Processing files...
[10:35:52.020]        5 files processed in 0.0 seconds.
[10:35:52.020]       Performing db insert...
[10:35:52.095]        Finished performing db insert in 0.0 seconds.
[10:35:52.096]      Finished inserting files in 0.0 seconds.
[10:35:52.096]     Populating file map...
[10:35:52.097]      5 files loaded in 0.0 seconds.
[10:35:52.097]     Inserting file metrics...
[10:35:52.097]       Processing files...
[10:35:52.098]        5 files processed in 0.0 seconds.
[10:35:52.098]       Performing db insert...
[10:35:52.099]        Finished performing db insert in 0.0 seconds.
[10:35:52.099]      Finished inserting file metrics in 0.0 seconds.
[10:35:52.099]     Inserting problems...
[10:35:52.099]       Processing problems...
[10:35:52.100]        0 problems processed in 0.0 seconds.
[10:35:52.100]       Performing db insert...
[10:35:52.101]        Finished performing db insert in 0.0 seconds.
[10:35:52.101]      Finished inserting problems in 0.0 seconds.
[10:35:52.101]     Inserting entities...
[10:35:52.101]       Processing entities...
[10:35:52.114]        60 entities processed in 0.0 seconds.
[10:35:52.115]       Performing db insert...
[10:35:52.195]        Finished performing db insert in 0.0 seconds.
[10:35:52.195]      Finished inserting entities in 0.0 seconds.
[10:35:52.273]    Finished importing sunec.jar's entities in 0.3 seconds.
[10:35:52.273]   Importing sunmscapi.jar's entities...
[10:35:52.273]     Verifying import suitability...
[10:35:52.274]      Finished verifying import suitability in 0.0 seconds.
[10:35:52.274]     Inserting project...
[10:35:52.362]      Finished inserting project in 0.0 seconds.
[10:35:52.362]     Inserting files...
[10:35:52.362]       Processing files...
[10:35:52.389]        10 files processed in 0.0 seconds.
[10:35:52.389]       Performing db insert...
[10:35:52.519]        Finished performing db insert in 0.1 seconds.
[10:35:52.519]      Finished inserting files in 0.1 seconds.
[10:35:52.519]     Populating file map...
[10:35:52.520]      10 files loaded in 0.0 seconds.
[10:35:52.520]     Inserting file metrics...
[10:35:52.520]       Processing files...
[10:35:52.521]        10 files processed in 0.0 seconds.
[10:35:52.521]       Performing db insert...
[10:35:52.522]        Finished performing db insert in 0.0 seconds.
[10:35:52.522]      Finished inserting file metrics in 0.0 seconds.
[10:35:52.522]     Inserting problems...
[10:35:52.522]       Processing problems...
[10:35:52.523]        0 problems processed in 0.0 seconds.
[10:35:52.523]       Performing db insert...
[10:35:52.523]        Finished performing db insert in 0.0 seconds.
[10:35:52.523]      Finished inserting problems in 0.0 seconds.
[10:35:52.524]     Inserting entities...
[10:35:52.524]       Processing entities...
[10:35:52.592]        163 entities processed in 0.0 seconds.
[10:35:52.592]       Performing db insert...
[10:35:52.839]        Finished performing db insert in 0.2 seconds.
[10:35:52.839]      Finished inserting entities in 0.3 seconds.
[10:35:52.917]    Finished importing sunmscapi.jar's entities in 0.6 seconds.
[10:35:52.917]  Finished importing java library entities in 1 minute 21.18 seconds.
