[11:05:57.646] Importing Java Library Referential Relations...
[11:05:57.646]   Importing zipfs.jar's referential relations...
[11:05:57.646]     Verifying import suitability...
[11:05:57.647]      Finished verifying import suitability in 0.0 seconds.
[11:05:57.840]     Populating file map...
[11:05:57.841]      12 files loaded in 0.0 seconds.
[11:05:57.841]     Building virtual library type model...
[11:05:57.841]      Finished building virtual library type model in 0.0 seconds.
[11:05:57.841]     Building virtual project type model...
[11:05:57.841]       Loading library entities...
[11:05:57.844]        430 entities loaded in 0.0 seconds.
[11:05:57.844]       Loading project structure...
[11:05:57.844]         Loading has_base_type relations...
[11:05:57.845]          24 relations loaded in 0.0 seconds.
[11:05:57.845]         Loading extends/implements relations...
[11:05:57.848]          16 relations loaded in 0.0 seconds.
[11:05:57.848]        Finished loading project structure in 0.0 seconds.
[11:05:57.848]      Finished building virtual project type model in 0.0 seconds.
[11:05:57.848]     Inserting relations...
[11:05:57.848]       Processing referential relations...
[11:06:01.553]        2118 relations processed in 3.37 seconds.
[11:06:01.553]       Performing db insert...
[11:06:01.773]        Finished performing db insert in 0.2 seconds.
[11:06:01.773]      Finished inserting relations in 3.39 seconds.
[11:06:02.372]    Finished importing zipfs.jar's referential relations in 4.47 seconds.
[11:06:02.373]   Importing charsets.jar's referential relations...
[11:06:02.373]     Verifying import suitability...
[11:06:02.373]      Finished verifying import suitability in 0.0 seconds.
[11:06:02.531]     Populating file map...
[11:06:02.532]      425 files loaded in 0.0 seconds.
[11:06:02.533]     Building virtual library type model...
[11:06:02.533]      Finished building virtual library type model in 0.0 seconds.
[11:06:02.533]     Building virtual project type model...
[11:06:02.533]       Loading library entities...
[11:06:02.557]        3619 entities loaded in 0.0 seconds.
[11:06:02.558]       Loading project structure...
[11:06:02.558]         Loading has_base_type relations...
[11:06:02.563]          0 relations loaded in 0.0 seconds.
[11:06:02.563]         Loading extends/implements relations...
[11:06:02.575]          540 relations loaded in 0.0 seconds.
[11:06:02.575]        Finished loading project structure in 0.0 seconds.
[11:06:02.575]      Finished building virtual project type model in 0.0 seconds.
[11:06:02.575]     Inserting relations...
[11:06:02.575]       Processing referential relations...
[11:06:11.367]        7649 relations processed in 8.87 seconds.
[11:06:11.367]       Performing db insert...
[11:06:11.829]        Finished performing db insert in 0.4 seconds.
[11:06:11.829]      Finished inserting relations in 9.92 seconds.
[11:06:12.240]    Finished importing charsets.jar's referential relations in 9.98 seconds.
[11:06:12.240]   Importing localedata.jar's referential relations...
[11:06:12.240]     Verifying import suitability...
[11:06:12.240]      Finished verifying import suitability in 0.0 seconds.
[11:06:12.541]     Populating file map...
[11:06:12.541]      101 files loaded in 0.0 seconds.
[11:06:12.542]     Building virtual library type model...
[11:06:12.542]      Finished building virtual library type model in 0.0 seconds.
[11:06:12.542]     Building virtual project type model...
[11:06:12.542]       Loading library entities...
[11:06:12.544]        289 entities loaded in 0.0 seconds.
[11:06:12.544]       Loading project structure...
[11:06:12.544]         Loading has_base_type relations...
[11:06:12.545]          0 relations loaded in 0.0 seconds.
[11:06:12.545]         Loading extends/implements relations...
[11:06:12.546]          101 relations loaded in 0.0 seconds.
[11:06:12.546]        Finished loading project structure in 0.0 seconds.
[11:06:12.547]      Finished building virtual project type model in 0.0 seconds.
[11:06:12.547]     Inserting relations...
[11:06:12.547]       Processing referential relations...
[11:06:12.590]        119 relations processed in 0.0 seconds.
[11:06:12.709]       Performing db insert...
[11:06:13.052]        Finished performing db insert in 0.3 seconds.
[11:06:13.052]      Finished inserting relations in 0.5 seconds.
[11:06:13.341]    Finished importing localedata.jar's referential relations in 1.11 seconds.
[11:06:13.341]   Importing rt.jar's referential relations...
[11:06:13.341]     Verifying import suitability...
[11:06:13.342]      Finished verifying import suitability in 0.0 seconds.
[11:06:13.563]     Populating file map...
[11:06:13.580]      12523 files loaded in 0.0 seconds.
[11:06:13.658]     Building virtual library type model...
[11:06:13.658]      Finished building virtual library type model in 0.0 seconds.
[11:06:13.658]     Building virtual project type model...
[11:06:13.658]       Loading library entities...
[11:06:14.547]        209581 entities loaded in 0.8 seconds.
[11:06:14.547]       Loading project structure...
[11:06:14.548]         Loading has_base_type relations...
[11:06:14.804]          2235 relations loaded in 0.2 seconds.
[11:06:14.804]         Loading extends/implements relations...
[11:06:14.941]          18017 relations loaded in 0.1 seconds.
[11:06:14.941]        Finished loading project structure in 0.3 seconds.
[11:06:14.941]      Finished building virtual project type model in 1.12 seconds.
[11:06:14.941]     Inserting relations...
[11:06:14.942]       Processing referential relations...
[11:20:51.677]        859497 relations processed in 14 minutes 36.67 seconds.
[11:20:51.677]       Performing db insert...
[11:24:52.425]        Finished performing db insert in 4 minutes 0.7 seconds.
[11:24:52.425]      Finished inserting relations in 18 minutes 37.74 seconds.
[11:24:52.517]    Finished importing rt.jar's referential relations in 18 minutes 39.91 seconds.
[11:24:52.517]   Importing jsse.jar's referential relations...
[11:24:52.517]     Verifying import suitability...
[11:24:52.518]      Finished verifying import suitability in 0.0 seconds.
[11:24:52.616]     Populating file map...
[11:24:52.617]      77 files loaded in 0.0 seconds.
[11:24:52.617]     Building virtual library type model...
[11:24:52.617]      Finished building virtual library type model in 0.0 seconds.
[11:24:52.617]     Building virtual project type model...
[11:24:52.617]       Loading library entities...
[11:24:52.632]        1653 entities loaded in 0.0 seconds.
[11:24:52.632]       Loading project structure...
[11:24:52.632]         Loading has_base_type relations...
[11:24:52.637]          32 relations loaded in 0.0 seconds.
[11:24:52.637]         Loading extends/implements relations...
[11:24:52.651]          90 relations loaded in 0.0 seconds.
[11:24:52.651]        Finished loading project structure in 0.0 seconds.
[11:24:52.652]      Finished building virtual project type model in 0.0 seconds.
[11:24:52.652]     Inserting relations...
[11:24:52.652]       Processing referential relations...
[11:25:05.501]        9919 relations processed in 12.28 seconds.
[11:25:05.501]       Performing db insert...
[11:25:05.966]        Finished performing db insert in 0.4 seconds.
[11:25:05.966]      Finished inserting relations in 13.33 seconds.
[11:25:06.688]    Finished importing jsse.jar's referential relations in 14.41 seconds.
[11:25:06.688]   Importing jce.jar's referential relations...
[11:25:06.689]     Verifying import suitability...
[11:25:06.689]      Finished verifying import suitability in 0.0 seconds.
[11:25:06.876]     Populating file map...
[11:25:06.876]      61 files loaded in 0.0 seconds.
[11:25:06.876]     Building virtual library type model...
[11:25:06.876]      Finished building virtual library type model in 0.0 seconds.
[11:25:06.877]     Building virtual project type model...
[11:25:06.877]       Loading library entities...
[11:25:06.883]        786 entities loaded in 0.0 seconds.
[11:25:06.883]       Loading project structure...
[11:25:06.883]         Loading has_base_type relations...
[11:25:06.885]          0 relations loaded in 0.0 seconds.
[11:25:06.885]         Loading extends/implements relations...
[11:25:06.891]          95 relations loaded in 0.0 seconds.
[11:25:06.891]        Finished loading project structure in 0.0 seconds.
[11:25:06.891]      Finished building virtual project type model in 0.0 seconds.
[11:25:06.891]     Inserting relations...
[11:25:06.891]       Processing referential relations...
[11:25:08.922]        2965 relations processed in 2.20 seconds.
[11:25:08.922]       Performing db insert...
[11:25:09.108]        Finished performing db insert in 0.1 seconds.
[11:25:09.108]      Finished inserting relations in 2.22 seconds.
[11:25:09.286]    Finished importing jce.jar's referential relations in 2.25 seconds.
[11:25:09.286]   Importing sunjce_provider.jar's referential relations...
[11:25:09.286]     Verifying import suitability...
[11:25:09.287]      Finished verifying import suitability in 0.0 seconds.
[11:25:09.562]     Populating file map...
[11:25:09.562]      83 files loaded in 0.0 seconds.
[11:25:09.562]     Building virtual library type model...
[11:25:09.562]      Finished building virtual library type model in 0.0 seconds.
[11:25:09.562]     Building virtual project type model...
[11:25:09.563]       Loading library entities...
[11:25:09.574]        1156 entities loaded in 0.0 seconds.
[11:25:09.574]       Loading project structure...
[11:25:09.574]         Loading has_base_type relations...
[11:25:09.577]          1 relations loaded in 0.0 seconds.
[11:25:09.577]         Loading extends/implements relations...
[11:25:09.589]          103 relations loaded in 0.0 seconds.
[11:25:09.590]        Finished loading project structure in 0.0 seconds.
[11:25:09.590]      Finished building virtual project type model in 0.0 seconds.
[11:25:09.590]     Inserting relations...
[11:25:09.590]       Processing referential relations...
[11:25:10.700]        5444 relations processed in 1.11 seconds.
[11:25:10.700]       Performing db insert...
[11:25:11.012]        Finished performing db insert in 0.3 seconds.
[11:25:11.013]      Finished inserting relations in 1.14 seconds.
[11:25:11.192]    Finished importing sunjce_provider.jar's referential relations in 1.19 seconds.
[11:25:11.192]   Importing dnsns.jar's referential relations...
[11:25:11.192]     Verifying import suitability...
[11:25:11.193]      Finished verifying import suitability in 0.0 seconds.
[11:25:11.498]     Populating file map...
[11:25:11.498]      2 files loaded in 0.0 seconds.
[11:25:11.498]     Building virtual library type model...
[11:25:11.498]      Finished building virtual library type model in 0.0 seconds.
[11:25:11.498]     Building virtual project type model...
[11:25:11.498]       Loading library entities...
[11:25:11.499]        19 entities loaded in 0.0 seconds.
[11:25:11.499]       Loading project structure...
[11:25:11.499]         Loading has_base_type relations...
[11:25:11.501]          5 relations loaded in 0.0 seconds.
[11:25:11.501]         Loading extends/implements relations...
[11:25:11.502]          4 relations loaded in 0.0 seconds.
[11:25:11.502]        Finished loading project structure in 0.0 seconds.
[11:25:11.502]      Finished building virtual project type model in 0.0 seconds.
[11:25:11.502]     Inserting relations...
[11:25:11.502]       Processing referential relations...
[11:25:12.200]        189 relations processed in 0.6 seconds.
[11:25:12.200]       Performing db insert...
[11:25:12.285]        Finished performing db insert in 0.0 seconds.
[11:25:12.285]      Finished inserting relations in 0.7 seconds.
[11:25:12.373]    Finished importing dnsns.jar's referential relations in 1.11 seconds.
[11:25:12.374]   Importing resources.jar's referential relations...
[11:25:12.374]     Verifying import suitability...
[11:25:12.374]      Finished verifying import suitability in 0.0 seconds.
[11:25:12.473]     Populating file map...
[11:25:12.474]      0 files loaded in 0.0 seconds.
[11:25:12.474]     Building virtual library type model...
[11:25:12.474]      Finished building virtual library type model in 0.0 seconds.
[11:25:12.474]     Building virtual project type model...
[11:25:12.474]       Loading library entities...
[11:25:12.475]        0 entities loaded in 0.0 seconds.
[11:25:12.475]       Loading project structure...
[11:25:12.475]         Loading has_base_type relations...
[11:25:12.475]          0 relations loaded in 0.0 seconds.
[11:25:12.475]         Loading extends/implements relations...
[11:25:12.476]          0 relations loaded in 0.0 seconds.
[11:25:12.476]        Finished loading project structure in 0.0 seconds.
[11:25:12.476]      Finished building virtual project type model in 0.0 seconds.
[11:25:12.476]     Inserting relations...
[11:25:12.476]       Processing referential relations...
[11:25:12.477]        0 relations processed in 0.0 seconds.
[11:25:12.477]       Performing db insert...
[11:25:12.478]        Finished performing db insert in 0.0 seconds.
[11:25:12.478]      Finished inserting relations in 0.0 seconds.
[11:25:12.562]    Finished importing resources.jar's referential relations in 0.1 seconds.
[11:25:12.563]   Importing sunec.jar's referential relations...
[11:25:12.563]     Verifying import suitability...
[11:25:12.563]      Finished verifying import suitability in 0.0 seconds.
[11:25:12.662]     Populating file map...
[11:25:12.663]      5 files loaded in 0.0 seconds.
[11:25:12.663]     Building virtual library type model...
[11:25:12.663]      Finished building virtual library type model in 0.0 seconds.
[11:25:12.663]     Building virtual project type model...
[11:25:12.663]       Loading library entities...
[11:25:12.664]        60 entities loaded in 0.0 seconds.
[11:25:12.664]       Loading project structure...
[11:25:12.664]         Loading has_base_type relations...
[11:25:12.666]          1 relations loaded in 0.0 seconds.
[11:25:12.666]         Loading extends/implements relations...
[11:25:12.668]          5 relations loaded in 0.0 seconds.
[11:25:12.668]        Finished loading project structure in 0.0 seconds.
[11:25:12.668]      Finished building virtual project type model in 0.0 seconds.
[11:25:12.668]     Inserting relations...
[11:25:12.668]       Processing referential relations...
[11:25:12.778]        258 relations processed in 0.1 seconds.
[11:25:12.778]       Performing db insert...
[11:25:12.874]        Finished performing db insert in 0.0 seconds.
[11:25:12.874]      Finished inserting relations in 0.2 seconds.
[11:25:12.962]    Finished importing sunec.jar's referential relations in 0.3 seconds.
[11:25:12.963]   Importing sunmscapi.jar's referential relations...
[11:25:12.963]     Verifying import suitability...
[11:25:12.963]      Finished verifying import suitability in 0.0 seconds.
[11:25:13.073]     Populating file map...
[11:25:13.074]      10 files loaded in 0.0 seconds.
[11:25:13.074]     Building virtual library type model...
[11:25:13.074]      Finished building virtual library type model in 0.0 seconds.
[11:25:13.074]     Building virtual project type model...
[11:25:13.074]       Loading library entities...
[11:25:13.077]        163 entities loaded in 0.0 seconds.
[11:25:13.077]       Loading project structure...
[11:25:13.077]         Loading has_base_type relations...
[11:25:13.078]          1 relations loaded in 0.0 seconds.
[11:25:13.078]         Loading extends/implements relations...
[11:25:13.080]          14 relations loaded in 0.0 seconds.
[11:25:13.080]        Finished loading project structure in 0.0 seconds.
[11:25:13.080]      Finished building virtual project type model in 0.0 seconds.
[11:25:13.080]     Inserting relations...
[11:25:13.080]       Processing referential relations...
[11:25:14.062]        577 relations processed in 0.9 seconds.
[11:25:14.062]       Performing db insert...
[11:25:14.162]        Finished performing db insert in 0.1 seconds.
[11:25:14.162]      Finished inserting relations in 1.10 seconds.
[11:25:14.285]    Finished importing sunmscapi.jar's referential relations in 1.13 seconds.
[11:25:14.285]  Finished importing java library referential relations in 19 minutes 16.66 seconds.
